<?xml version="1.0" encoding="UTF-8"?>
<testng-results ignored="0" total="1" passed="1" failed="0" skipped="0">
  <reporter-output>
  </reporter-output>
  <suite started-at="2026-03-06T02:06:17 IST" name="Default suite" finished-at="2026-03-06T02:06:20 IST" duration-ms="3371">
    <groups>
    </groups>
    <test started-at="2026-03-06T02:06:17 IST" name="Default test" finished-at="2026-03-06T02:06:20 IST" duration-ms="3371">
      <class name="RestApi.MockResponse">
        <test-method is-config="true" signature="setUpMockServer()[pri:0, instance:RestApi.MockResponse@62ddbd7e]" started-at="2026-03-06T02:06:17 IST" name="setUpMockServer" finished-at="2026-03-06T02:06:19 IST" duration-ms="1724" status="PASS">
          <reporter-output>
          </reporter-output>
        </test-method> <!-- setUpMockServer -->
        <test-method signature="testMockApi()[pri:0, instance:RestApi.MockResponse@62ddbd7e]" started-at="2026-03-06T02:06:19 IST" name="testMockApi" finished-at="2026-03-06T02:06:20 IST" duration-ms="1593" status="PASS">
          <reporter-output>
          </reporter-output>
        </test-method> <!-- testMockApi -->
        <test-method is-config="true" signature="stopMockServer()[pri:0, instance:RestApi.MockResponse@62ddbd7e]" started-at="2026-03-06T02:06:20 IST" name="stopMockServer" finished-at="2026-03-06T02:06:20 IST" duration-ms="18" status="PASS">
          <reporter-output>
          </reporter-output>
        </test-method> <!-- stopMockServer -->
      </class> <!-- RestApi.MockResponse -->
    </test> <!-- Default test -->
  </suite> <!-- Default suite -->
</testng-results>
