<?xml version="1.0" encoding="UTF-8"?>
<testng-results ignored="0" total="1" passed="1" failed="0" skipped="0">
  <reporter-output>
  </reporter-output>
  <suite started-at="2025-11-09T00:41:40 IST" name="Default suite" finished-at="2025-11-09T00:41:43 IST" duration-ms="3458">
    <groups>
    </groups>
    <test started-at="2025-11-09T00:41:40 IST" name="Default test" finished-at="2025-11-09T00:41:43 IST" duration-ms="3458">
      <class name="RestApi.MockResponse">
        <test-method is-config="true" signature="setUpMockServer()[pri:0, instance:RestApi.MockResponse@62ddbd7e]" started-at="2025-11-09T00:41:40 IST" name="setUpMockServer" finished-at="2025-11-09T00:41:41 IST" duration-ms="1522" status="PASS">
          <reporter-output>
          </reporter-output>
        </test-method> <!-- setUpMockServer -->
        <test-method signature="testMockApi()[pri:0, instance:RestApi.MockResponse@62ddbd7e]" started-at="2025-11-09T00:41:41 IST" name="testMockApi" finished-at="2025-11-09T00:41:43 IST" duration-ms="1892" status="PASS">
          <reporter-output>
          </reporter-output>
        </test-method> <!-- testMockApi -->
        <test-method is-config="true" signature="stopMockServer()[pri:0, instance:RestApi.MockResponse@62ddbd7e]" started-at="2025-11-09T00:41:43 IST" name="stopMockServer" finished-at="2025-11-09T00:41:43 IST" duration-ms="1" status="PASS">
          <reporter-output>
          </reporter-output>
        </test-method> <!-- stopMockServer -->
      </class> <!-- RestApi.MockResponse -->
    </test> <!-- Default test -->
  </suite> <!-- Default suite -->
</testng-results>
